<?xml version="1.0" encoding="UTF-8"?>
<coverage generated="1784846046071" clover="3.2.0">
  <project timestamp="1784846046071" name="All files">
    <metrics statements="68" coveredstatements="68" conditionals="20" coveredconditionals="20" methods="6" coveredmethods="6" elements="94" coveredelements="94" complexity="0" loc="68" ncloc="68" packages="1" files="1" classes="1"/>
    <file name="PhotoUploaderToContourSVG.js" path="/Users/research/photo-uploader-to-contour-svg-html-element/src/PhotoUploaderToContourSVG.js">
      <metrics statements="68" coveredstatements="68" conditionals="20" coveredconditionals="20" methods="6" coveredmethods="6"/>
      <line num="3" count="16" type="stmt"/>
      <line num="5" count="16" type="stmt"/>
      <line num="7" count="16" type="stmt"/>
      <line num="24" count="8" type="stmt"/>
      <line num="25" count="8" type="stmt"/>
      <line num="27" count="8" type="stmt"/>
      <line num="29" count="8" type="cond" truecount="4" falsecount="0"/>
      <line num="30" count="1" type="stmt"/>
      <line num="33" count="7" type="stmt"/>
      <line num="37" count="16" type="stmt"/>
      <line num="39" count="16" type="stmt"/>
      <line num="41" count="16" type="stmt"/>
      <line num="43" count="16" type="stmt"/>
      <line num="45" count="16" type="stmt"/>
      <line num="46" count="13" type="stmt"/>
      <line num="48" count="13" type="stmt"/>
      <line num="49" count="13" type="stmt"/>
      <line num="51" count="13" type="cond" truecount="2" falsecount="0"/>
      <line num="52" count="1" type="stmt"/>
      <line num="53" count="1" type="stmt"/>
      <line num="56" count="12" type="stmt"/>
      <line num="57" count="12" type="stmt"/>
      <line num="58" count="12" type="stmt"/>
      <line num="61" count="12" type="stmt"/>
      <line num="62" count="12" type="stmt"/>
      <line num="64" count="12" type="stmt"/>
      <line num="65" count="12" type="stmt"/>
      <line num="70" count="12" type="stmt"/>
      <line num="72" count="12" type="cond" truecount="2" falsecount="0"/>
      <line num="73" count="2" type="cond" truecount="2" falsecount="0"/>
      <line num="76" count="10" type="stmt"/>
      <line num="78" count="10" type="cond" truecount="4" falsecount="0"/>
      <line num="79" count="2" type="stmt"/>
      <line num="80" count="2" type="stmt"/>
      <line num="83" count="8" type="stmt"/>
      <line num="84" count="8" type="stmt"/>
      <line num="85" count="8" type="stmt"/>
      <line num="86" count="8" type="stmt"/>
      <line num="88" count="8" type="cond" truecount="2" falsecount="0"/>
      <line num="89" count="7" type="stmt"/>
      <line num="90" count="7" type="stmt"/>
      <line num="96" count="7" type="stmt"/>
      <line num="97" count="7" type="stmt"/>
      <line num="98" count="7" type="stmt"/>
      <line num="99" count="7" type="stmt"/>
      <line num="101" count="7" type="stmt"/>
      <line num="102" count="7" type="stmt"/>
      <line num="103" count="7" type="stmt"/>
      <line num="105" count="7" type="cond" truecount="2" falsecount="0"/>
      <line num="106" count="1" type="stmt"/>
      <line num="107" count="1" type="stmt"/>
      <line num="108" count="1" type="stmt"/>
      <line num="111" count="6" type="stmt"/>
      <line num="113" count="6" type="stmt"/>
      <line num="115" count="7" type="stmt"/>
      <line num="117" count="7" type="stmt"/>
      <line num="124" count="7" type="stmt"/>
      <line num="125" count="7" type="stmt"/>
      <line num="127" count="7" type="cond" truecount="2" falsecount="0"/>
      <line num="128" count="6" type="stmt"/>
      <line num="134" count="1" type="stmt"/>
      <line num="135" count="1" type="stmt"/>
      <line num="136" count="1" type="stmt"/>
      <line num="140" count="1" type="stmt"/>
      <line num="143" count="8" type="stmt"/>
      <line num="147" count="2" type="stmt"/>
      <line num="149" count="12" type="stmt"/>
      <line num="162" count="1" type="stmt"/>
    </file>
  </project>
</coverage>
