{"/Users/research/photo-uploader-to-contour-svg-html-element/src/PhotoUploaderToContourSVG.js": {"path":"/Users/research/photo-uploader-to-contour-svg-html-element/src/PhotoUploaderToContourSVG.js","statementMap":{"0":{"start":{"line":3,"column":1},"end":{"line":3,"column":null}},"1":{"start":{"line":5,"column":1},"end":{"line":5,"column":null}},"2":{"start":{"line":7,"column":1},"end":{"line":19,"column":null}},"3":{"start":{"line":24,"column":16},"end":{"line":24,"column":31}},"4":{"start":{"line":25,"column":13},"end":{"line":25,"column":63}},"5":{"start":{"line":27,"column":13},"end":{"line":27,"column":32}},"6":{"start":{"line":29,"column":1},"end":{"line":31,"column":null}},"7":{"start":{"line":30,"column":3},"end":{"line":30,"column":null}},"8":{"start":{"line":33,"column":1},"end":{"line":33,"column":33}},"9":{"start":{"line":37,"column":14},"end":{"line":37,"column":34}},"10":{"start":{"line":39,"column":19},"end":{"line":39,"column":59}},"11":{"start":{"line":41,"column":18},"end":{"line":41,"column":58}},"12":{"start":{"line":43,"column":19},"end":{"line":43,"column":56}},"13":{"start":{"line":45,"column":1},"end":{"line":151,"column":null}},"14":{"start":{"line":46,"column":2},"end":{"line":46,"column":null}},"15":{"start":{"line":48,"column":29},"end":{"line":48,"column":null}},"16":{"start":{"line":49,"column":2},"end":{"line":49,"column":null}},"17":{"start":{"line":51,"column":2},"end":{"line":54,"column":null}},"18":{"start":{"line":52,"column":3},"end":{"line":52,"column":null}},"19":{"start":{"line":53,"column":3},"end":{"line":53,"column":null}},"20":{"start":{"line":56,"column":19},"end":{"line":56,"column":33}},"21":{"start":{"line":57,"column":2},"end":{"line":59,"column":null}},"22":{"start":{"line":58,"column":3},"end":{"line":58,"column":null}},"23":{"start":{"line":61,"column":2},"end":{"line":61,"column":null}},"24":{"start":{"line":62,"column":2},"end":{"line":62,"column":null}},"25":{"start":{"line":64,"column":2},"end":{"line":150,"column":null}},"26":{"start":{"line":65,"column":20},"end":{"line":68,"column":5}},"27":{"start":{"line":70,"column":18},"end":{"line":70,"column":39}},"28":{"start":{"line":72,"column":3},"end":{"line":74,"column":null}},"29":{"start":{"line":73,"column":4},"end":{"line":73,"column":null}},"30":{"start":{"line":76,"column":3},"end":{"line":76,"column":null}},"31":{"start":{"line":78,"column":3},"end":{"line":81,"column":null}},"32":{"start":{"line":79,"column":4},"end":{"line":79,"column":null}},"33":{"start":{"line":80,"column":4},"end":{"line":80,"column":null}},"34":{"start":{"line":83,"column":3},"end":{"line":144,"column":null}},"35":{"start":{"line":84,"column":4},"end":{"line":84,"column":null}},"36":{"start":{"line":85,"column":16},"end":{"line":85,"column":45}},"37":{"start":{"line":86,"column":4},"end":{"line":86,"column":null}},"38":{"start":{"line":88,"column":4},"end":{"line":141,"column":null}},"39":{"start":{"line":89,"column":5},"end":{"line":89,"column":null}},"40":{"start":{"line":90,"column":5},"end":{"line":95,"column":null}},"41":{"start":{"line":96,"column":5},"end":{"line":96,"column":null}},"42":{"start":{"line":97,"column":27},"end":{"line":97,"column":54}},"43":{"start":{"line":98,"column":5},"end":{"line":98,"column":null}},"44":{"start":{"line":99,"column":5},"end":{"line":99,"column":null}},"45":{"start":{"line":101,"column":5},"end":{"line":137,"column":null}},"46":{"start":{"line":102,"column":30},"end":{"line":102,"column":59}},"47":{"start":{"line":103,"column":26},"end":{"line":103,"column":54}},"48":{"start":{"line":105,"column":6},"end":{"line":109,"column":null}},"49":{"start":{"line":106,"column":19},"end":{"line":106,"column":55}},"50":{"start":{"line":107,"column":7},"end":{"line":107,"column":null}},"51":{"start":{"line":108,"column":7},"end":{"line":108,"column":null}},"52":{"start":{"line":111,"column":23},"end":{"line":111,"column":66}},"53":{"start":{"line":113,"column":6},"end":{"line":131,"column":null}},"54":{"start":{"line":115,"column":25},"end":{"line":115,"column":56}},"55":{"start":{"line":117,"column":22},"end":{"line":121,"column":10}},"56":{"start":{"line":124,"column":8},"end":{"line":124,"column":null}},"57":{"start":{"line":125,"column":8},"end":{"line":125,"column":null}},"58":{"start":{"line":127,"column":8},"end":{"line":129,"column":null}},"59":{"start":{"line":128,"column":7},"end":{"line":128,"column":48}},"60":{"start":{"line":134,"column":6},"end":{"line":134,"column":null}},"61":{"start":{"line":135,"column":6},"end":{"line":135,"column":null}},"62":{"start":{"line":136,"column":6},"end":{"line":136,"column":null}},"63":{"start":{"line":140,"column":5},"end":{"line":140,"column":null}},"64":{"start":{"line":143,"column":4},"end":{"line":143,"column":null}},"65":{"start":{"line":147,"column":3},"end":{"line":147,"column":null}},"66":{"start":{"line":149,"column":3},"end":{"line":149,"column":null}},"67":{"start":{"line":162,"column":0},"end":{"line":162,"column":null}}},"fnMap":{"0":{"name":"(anonymous_0)","decl":{"start":{"line":2,"column":2},"end":{"line":2,"column":13}},"loc":{"start":{"line":2,"column":16},"end":{"line":21,"column":null}}},"1":{"name":"(anonymous_1)","decl":{"start":{"line":23,"column":2},"end":{"line":23,"column":20}},"loc":{"start":{"line":23,"column":32},"end":{"line":34,"column":null}}},"2":{"name":"(anonymous_2)","decl":{"start":{"line":36,"column":2},"end":{"line":36,"column":19}},"loc":{"start":{"line":36,"column":22},"end":{"line":153,"column":null}}},"3":{"name":"(anonymous_3)","decl":{"start":{"line":45,"column":33},"end":{"line":45,"column":38}},"loc":{"start":{"line":45,"column":50},"end":{"line":151,"column":2}}},"4":{"name":"(anonymous_4)","decl":{"start":{"line":113,"column":23},"end":{"line":113,"column":27}},"loc":{"start":{"line":113,"column":31},"end":{"line":131,"column":7}}},"5":{"name":"(anonymous_5)","decl":{"start":{"line":155,"column":2},"end":{"line":155,"column":22}},"loc":{"start":{"line":155,"column":25},"end":{"line":157,"column":null}}}},"branchMap":{"0":{"loc":{"start":{"line":29,"column":1},"end":{"line":31,"column":null}},"type":"if","locations":[{"start":{"line":29,"column":1},"end":{"line":31,"column":null}},{"start":{},"end":{}}]},"1":{"loc":{"start":{"line":29,"column":5},"end":{"line":29,"column":48}},"type":"binary-expr","locations":[{"start":{"line":29,"column":5},"end":{"line":29,"column":9}},{"start":{"line":29,"column":13},"end":{"line":29,"column":48}}]},"2":{"loc":{"start":{"line":51,"column":2},"end":{"line":54,"column":null}},"type":"if","locations":[{"start":{"line":51,"column":2},"end":{"line":54,"column":null}},{"start":{},"end":{}}]},"3":{"loc":{"start":{"line":72,"column":3},"end":{"line":74,"column":null}},"type":"if","locations":[{"start":{"line":72,"column":3},"end":{"line":74,"column":null}},{"start":{},"end":{}}]},"4":{"loc":{"start":{"line":73,"column":20},"end":{"line":73,"column":52}},"type":"binary-expr","locations":[{"start":{"line":73,"column":20},"end":{"line":73,"column":32}},{"start":{"line":73,"column":36},"end":{"line":73,"column":52}}]},"5":{"loc":{"start":{"line":78,"column":3},"end":{"line":81,"column":null}},"type":"if","locations":[{"start":{"line":78,"column":3},"end":{"line":81,"column":null}},{"start":{},"end":{}}]},"6":{"loc":{"start":{"line":78,"column":7},"end":{"line":78,"column":44}},"type":"binary-expr","locations":[{"start":{"line":78,"column":7},"end":{"line":78,"column":20}},{"start":{"line":78,"column":24},"end":{"line":78,"column":44}}]},"7":{"loc":{"start":{"line":88,"column":4},"end":{"line":141,"column":null}},"type":"if","locations":[{"start":{"line":88,"column":4},"end":{"line":141,"column":null}},{"start":{"line":139,"column":11},"end":{"line":141,"column":null}}]},"8":{"loc":{"start":{"line":105,"column":6},"end":{"line":109,"column":null}},"type":"if","locations":[{"start":{"line":105,"column":6},"end":{"line":109,"column":null}},{"start":{},"end":{}}]},"9":{"loc":{"start":{"line":127,"column":8},"end":{"line":129,"column":null}},"type":"if","locations":[{"start":{"line":127,"column":8},"end":{"line":129,"column":null}},{"start":{},"end":{}}]}},"s":{"0":16,"1":16,"2":16,"3":8,"4":8,"5":8,"6":8,"7":1,"8":7,"9":16,"10":16,"11":16,"12":16,"13":16,"14":13,"15":13,"16":13,"17":13,"18":1,"19":1,"20":12,"21":12,"22":12,"23":12,"24":12,"25":12,"26":12,"27":12,"28":12,"29":2,"30":10,"31":10,"32":2,"33":2,"34":8,"35":8,"36":8,"37":8,"38":8,"39":7,"40":7,"41":7,"42":7,"43":7,"44":7,"45":7,"46":7,"47":7,"48":7,"49":1,"50":1,"51":1,"52":6,"53":6,"54":7,"55":7,"56":7,"57":7,"58":7,"59":6,"60":1,"61":1,"62":1,"63":1,"64":8,"65":2,"66":12,"67":1},"f":{"0":16,"1":8,"2":16,"3":13,"4":7,"5":16},"b":{"0":[1,7],"1":[8,8],"2":[1,12],"3":[2,10],"4":[2,1],"5":[2,8],"6":[10,10],"7":[7,1],"8":[1,6],"9":[6,1]}}
}
